2023/06/16 09:33:01 [notice] 1#1: using the "epoll" event method
2023/06/16 09:33:01 [notice] 1#1: nginx/1.25.1
2023/06/16 09:33:01 [notice] 1#1: built by gcc 12.2.1 20220924 (Alpine 12.2.1_git20220924-r4) 
2023/06/16 09:33:01 [notice] 1#1: OS: Linux 5.15.90.1-microsoft-standard-WSL2
2023/06/16 09:33:01 [notice] 1#1: getrlimit(RLIMIT_NOFILE): 1048576:1048576
2023/06/16 09:33:01 [notice] 1#1: start worker processes
2023/06/16 09:33:01 [notice] 1#1: start worker process 29
2023/06/16 09:33:01 [notice] 1#1: start worker process 30
2023/06/16 09:33:01 [notice] 1#1: start worker process 31
2023/06/16 09:33:01 [notice] 1#1: start worker process 32
2023/06/16 10:25:00 [notice] 1#1: signal 3 (SIGQUIT) received, shutting down
2023/06/16 10:25:00 [notice] 29#29: gracefully shutting down
2023/06/16 10:25:00 [notice] 32#32: gracefully shutting down
2023/06/16 10:25:00 [notice] 31#31: gracefully shutting down
2023/06/16 10:25:00 [notice] 30#30: gracefully shutting down
2023/06/16 10:25:00 [notice] 31#31: exiting
2023/06/16 10:25:00 [notice] 29#29: exiting
2023/06/16 10:25:00 [notice] 29#29: exit
2023/06/16 10:25:00 [notice] 31#31: exit
2023/06/16 10:25:00 [notice] 32#32: exiting
2023/06/16 10:25:00 [notice] 32#32: exit
2023/06/16 10:25:00 [notice] 30#30: exiting
2023/06/16 10:25:00 [notice] 30#30: exit
2023/06/16 10:25:00 [notice] 1#1: signal 17 (SIGCHLD) received from 31
2023/06/16 10:25:00 [notice] 1#1: worker process 31 exited with code 0
2023/06/16 10:25:00 [notice] 1#1: signal 29 (SIGIO) received
2023/06/16 10:25:00 [notice] 1#1: signal 17 (SIGCHLD) received from 32
2023/06/16 10:25:00 [notice] 1#1: worker process 29 exited with code 0
2023/06/16 10:25:00 [notice] 1#1: worker process 32 exited with code 0
2023/06/16 10:25:00 [notice] 1#1: signal 17 (SIGCHLD) received from 30
2023/06/16 10:25:00 [notice] 1#1: worker process 30 exited with code 0
2023/06/16 10:25:00 [notice] 1#1: exit
2023/06/16 10:25:46 [notice] 1#1: using the "epoll" event method
2023/06/16 10:25:46 [notice] 1#1: nginx/1.25.1
2023/06/16 10:25:46 [notice] 1#1: built by gcc 12.2.1 20220924 (Alpine 12.2.1_git20220924-r4) 
2023/06/16 10:25:46 [notice] 1#1: OS: Linux 5.15.90.1-microsoft-standard-WSL2
2023/06/16 10:25:46 [notice] 1#1: getrlimit(RLIMIT_NOFILE): 1048576:1048576
2023/06/16 10:25:46 [notice] 1#1: start worker processes
2023/06/16 10:25:46 [notice] 1#1: start worker process 29
2023/06/16 10:25:46 [notice] 1#1: start worker process 30
2023/06/16 10:25:46 [notice] 1#1: start worker process 31
2023/06/16 10:25:46 [notice] 1#1: start worker process 32
2023/06/16 10:25:49 [error] 32#32: *1 connect() failed (111: Connection refused) while connecting to upstream, client: 172.19.0.1, server: , request: "GET /api/doc HTTP/1.1", upstream: "fastcgi://172.19.0.3:9000", host: "localhost:8000"
2023/06/16 10:25:50 [error] 32#32: *1 connect() failed (111: Connection refused) while connecting to upstream, client: 172.19.0.1, server: , request: "GET /favicon.ico HTTP/1.1", upstream: "fastcgi://172.19.0.3:9000", host: "localhost:8000", referrer: "http://localhost:8000/api/doc"
2023/06/16 10:32:21 [notice] 1#1: signal 3 (SIGQUIT) received, shutting down
2023/06/16 10:32:21 [notice] 31#31: gracefully shutting down
2023/06/16 10:32:21 [notice] 29#29: gracefully shutting down
2023/06/16 10:32:21 [notice] 30#30: gracefully shutting down
2023/06/16 10:32:21 [notice] 30#30: exiting
2023/06/16 10:32:21 [notice] 29#29: exiting
2023/06/16 10:32:21 [notice] 29#29: exit
2023/06/16 10:32:21 [notice] 30#30: exit
2023/06/16 10:32:21 [notice] 31#31: exiting
2023/06/16 10:32:21 [notice] 32#32: gracefully shutting down
2023/06/16 10:32:21 [notice] 31#31: exit
2023/06/16 10:32:21 [notice] 32#32: exiting
2023/06/16 10:32:21 [notice] 32#32: exit
2023/06/16 10:32:22 [notice] 1#1: signal 17 (SIGCHLD) received from 32
2023/06/16 10:32:22 [notice] 1#1: worker process 32 exited with code 0
2023/06/16 10:32:22 [notice] 1#1: signal 29 (SIGIO) received
2023/06/16 10:32:22 [notice] 1#1: signal 17 (SIGCHLD) received from 29
2023/06/16 10:32:22 [notice] 1#1: worker process 29 exited with code 0
2023/06/16 10:32:22 [notice] 1#1: signal 29 (SIGIO) received
2023/06/16 10:32:22 [notice] 1#1: signal 17 (SIGCHLD) received from 31
2023/06/16 10:32:22 [notice] 1#1: worker process 31 exited with code 0
2023/06/16 10:32:22 [notice] 1#1: signal 29 (SIGIO) received
2023/06/16 10:32:22 [notice] 1#1: signal 17 (SIGCHLD) received from 30
2023/06/16 10:32:22 [notice] 1#1: worker process 30 exited with code 0
2023/06/16 10:32:22 [notice] 1#1: exit
2023/06/16 10:32:47 [notice] 1#1: using the "epoll" event method
2023/06/16 10:32:47 [notice] 1#1: nginx/1.25.1
2023/06/16 10:32:47 [notice] 1#1: built by gcc 12.2.1 20220924 (Alpine 12.2.1_git20220924-r4) 
2023/06/16 10:32:47 [notice] 1#1: OS: Linux 5.15.90.1-microsoft-standard-WSL2
2023/06/16 10:32:47 [notice] 1#1: getrlimit(RLIMIT_NOFILE): 1048576:1048576
2023/06/16 10:32:47 [notice] 1#1: start worker processes
2023/06/16 10:32:47 [notice] 1#1: start worker process 29
2023/06/16 10:32:47 [notice] 1#1: start worker process 30
2023/06/16 10:32:47 [notice] 1#1: start worker process 31
2023/06/16 10:32:47 [notice] 1#1: start worker process 32
2023/06/16 15:06:38 [notice] 1#1: signal 3 (SIGQUIT) received, shutting down
2023/06/16 15:06:38 [notice] 29#29: gracefully shutting down
2023/06/16 15:06:38 [notice] 31#31: gracefully shutting down
2023/06/16 15:06:38 [notice] 30#30: gracefully shutting down
2023/06/16 15:06:38 [notice] 32#32: gracefully shutting down
2023/06/16 15:06:38 [notice] 29#29: exiting
2023/06/16 15:06:38 [notice] 32#32: exiting
2023/06/16 15:06:38 [notice] 29#29: exit
2023/06/16 15:06:38 [notice] 31#31: exiting
2023/06/16 15:06:38 [notice] 31#31: exit
2023/06/16 15:06:38 [notice] 30#30: exiting
2023/06/16 15:06:38 [notice] 32#32: exit
2023/06/16 15:06:38 [notice] 30#30: exit
2023/06/16 15:06:38 [notice] 1#1: signal 17 (SIGCHLD) received from 32
2023/06/16 15:06:38 [notice] 1#1: worker process 29 exited with code 0
2023/06/16 15:06:38 [notice] 1#1: worker process 30 exited with code 0
2023/06/16 15:06:38 [notice] 1#1: worker process 31 exited with code 0
2023/06/16 15:06:38 [notice] 1#1: worker process 32 exited with code 0
2023/06/16 15:06:38 [notice] 1#1: exit
2023/06/20 13:15:30 [notice] 1#1: using the "epoll" event method
2023/06/20 13:15:30 [notice] 1#1: nginx/1.25.0
2023/06/20 13:15:30 [notice] 1#1: built by gcc 12.2.1 20220924 (Alpine 12.2.1_git20220924-r4) 
2023/06/20 13:15:30 [notice] 1#1: OS: Linux 5.15.90.1-microsoft-standard-WSL2
2023/06/20 13:15:30 [notice] 1#1: getrlimit(RLIMIT_NOFILE): 1048576:1048576
2023/06/20 13:15:30 [notice] 1#1: start worker processes
2023/06/20 13:15:30 [notice] 1#1: start worker process 29
2023/06/20 13:15:30 [notice] 1#1: start worker process 30
2023/06/20 13:15:30 [notice] 1#1: start worker process 31
2023/06/20 13:15:30 [notice] 1#1: start worker process 32
2023/06/20 18:09:46 [notice] 1#1: signal 3 (SIGQUIT) received, shutting down
2023/06/20 18:09:47 [notice] 30#30: gracefully shutting down
2023/06/20 18:09:47 [notice] 29#29: gracefully shutting down
2023/06/20 18:09:47 [notice] 31#31: gracefully shutting down
2023/06/20 18:09:47 [notice] 31#31: exiting
2023/06/20 18:09:47 [notice] 29#29: exiting
2023/06/20 18:09:47 [notice] 32#32: gracefully shutting down
2023/06/20 18:09:47 [notice] 30#30: exiting
2023/06/20 18:09:47 [notice] 29#29: exit
2023/06/20 18:09:47 [notice] 32#32: exiting
2023/06/20 18:09:47 [notice] 32#32: exit
2023/06/20 18:09:47 [notice] 31#31: exit
2023/06/20 18:09:47 [notice] 30#30: exit
2023/06/20 18:09:47 [notice] 1#1: signal 17 (SIGCHLD) received from 30
2023/06/20 18:09:47 [notice] 1#1: worker process 30 exited with code 0
2023/06/20 18:09:47 [notice] 1#1: signal 29 (SIGIO) received
2023/06/20 18:09:47 [notice] 1#1: signal 17 (SIGCHLD) received from 29
2023/06/20 18:09:47 [notice] 1#1: worker process 29 exited with code 0
2023/06/20 18:09:47 [notice] 1#1: signal 29 (SIGIO) received
2023/06/20 18:09:47 [notice] 1#1: signal 17 (SIGCHLD) received from 31
2023/06/20 18:09:47 [notice] 1#1: worker process 31 exited with code 0
2023/06/20 18:09:47 [notice] 1#1: signal 17 (SIGCHLD) received from 32
2023/06/20 18:09:47 [notice] 1#1: worker process 32 exited with code 0
2023/06/20 18:09:47 [notice] 1#1: exit
2023/06/22 09:45:35 [notice] 1#1: using the "epoll" event method
2023/06/22 09:45:35 [notice] 1#1: nginx/1.25.0
2023/06/22 09:45:35 [notice] 1#1: built by gcc 12.2.1 20220924 (Alpine 12.2.1_git20220924-r4) 
2023/06/22 09:45:35 [notice] 1#1: OS: Linux 5.15.90.1-microsoft-standard-WSL2
2023/06/22 09:45:35 [notice] 1#1: getrlimit(RLIMIT_NOFILE): 1048576:1048576
2023/06/22 09:45:35 [notice] 1#1: start worker processes
2023/06/22 09:45:35 [notice] 1#1: start worker process 29
2023/06/22 09:45:35 [notice] 1#1: start worker process 30
2023/06/22 09:45:35 [notice] 1#1: start worker process 31
2023/06/22 09:45:35 [notice] 1#1: start worker process 32
2023/06/27 11:15:11 [notice] 1#1: using the "epoll" event method
2023/06/27 11:15:11 [notice] 1#1: nginx/1.25.1
2023/06/27 11:15:11 [notice] 1#1: built by gcc 12.2.1 20220924 (Alpine 12.2.1_git20220924-r4) 
2023/06/27 11:15:11 [notice] 1#1: OS: Linux 5.15.90.1-microsoft-standard-WSL2
2023/06/27 11:15:11 [notice] 1#1: getrlimit(RLIMIT_NOFILE): 1048576:1048576
2023/06/27 11:15:11 [notice] 1#1: start worker processes
2023/06/27 11:15:11 [notice] 1#1: start worker process 30
2023/06/27 11:15:11 [notice] 1#1: start worker process 31
2023/06/27 11:15:11 [notice] 1#1: start worker process 32
2023/06/27 11:15:11 [notice] 1#1: start worker process 33
2023/06/29 08:35:16 [notice] 1#1: using the "epoll" event method
2023/06/29 08:35:16 [notice] 1#1: nginx/1.25.1
2023/06/29 08:35:16 [notice] 1#1: built by gcc 12.2.1 20220924 (Alpine 12.2.1_git20220924-r4) 
2023/06/29 08:35:16 [notice] 1#1: OS: Linux 5.15.90.1-microsoft-standard-WSL2
2023/06/29 08:35:16 [notice] 1#1: getrlimit(RLIMIT_NOFILE): 1048576:1048576
2023/06/29 08:35:16 [notice] 1#1: start worker processes
2023/06/29 08:35:16 [notice] 1#1: start worker process 29
2023/06/29 08:35:16 [notice] 1#1: start worker process 30
2023/06/29 08:35:16 [notice] 1#1: start worker process 31
2023/06/29 08:35:16 [notice] 1#1: start worker process 32
2023/07/04 08:13:31 [notice] 1#1: using the "epoll" event method
2023/07/04 08:13:31 [notice] 1#1: nginx/1.25.1
2023/07/04 08:13:31 [notice] 1#1: built by gcc 12.2.1 20220924 (Alpine 12.2.1_git20220924-r4) 
2023/07/04 08:13:31 [notice] 1#1: OS: Linux 5.15.90.1-microsoft-standard-WSL2
2023/07/04 08:13:31 [notice] 1#1: getrlimit(RLIMIT_NOFILE): 1048576:1048576
2023/07/04 08:13:31 [notice] 1#1: start worker processes
2023/07/04 08:13:31 [notice] 1#1: start worker process 29
2023/07/04 08:13:31 [notice] 1#1: start worker process 30
2023/07/04 08:13:31 [notice] 1#1: start worker process 31
2023/07/04 08:13:31 [notice] 1#1: start worker process 32
